[debug] [2023-05-31T19:27:22.343Z] ----------------------------------------------------------------------
[debug] [2023-05-31T19:27:22.345Z] Command:       C:\Program Files\nodejs\node.exe C:\Users\rakha\AppData\Roaming\npm\node_modules\firebase-tools\lib\bin\firebase.js init
[debug] [2023-05-31T19:27:22.345Z] CLI Version:   12.2.1
[debug] [2023-05-31T19:27:22.345Z] Platform:      win32
[debug] [2023-05-31T19:27:22.345Z] Node Version:  v16.20.0
[debug] [2023-05-31T19:27:22.346Z] Time:          Thu Jun 01 2023 02:27:22 GMT+0700 (Waktu Indonesia Barat)
[debug] [2023-05-31T19:27:22.346Z] ----------------------------------------------------------------------
[debug] 
[debug] [2023-05-31T19:27:22.400Z] > command requires scopes: ["email","openid","https://www.googleapis.com/auth/cloudplatformprojects.readonly","https://www.googleapis.com/auth/firebase","https://www.googleapis.com/auth/cloud-platform"]
[debug] [2023-05-31T19:27:22.400Z] > authorizing via signed-in user (rakhaargya29@gmail.com)
[info] 
     ######## #### ########  ######## ########     ###     ######  ########
     ##        ##  ##     ## ##       ##     ##  ##   ##  ##       ##
     ######    ##  ########  ######   ########  #########  ######  ######
     ##        ##  ##    ##  ##       ##     ## ##     ##       ## ##
     ##       #### ##     ## ######## ########  ##     ##  ######  ########

You're about to initialize a Firebase project in this directory:

  C:\Users\rakha\OneDrive\Documents\GitHub\animahub

Before we get started, keep in mind:

  * You are initializing within an existing Firebase project directory

[info] 
=== Project Setup
[info] 
[info] First, let's associate this project directory with a Firebase project.
[info] You can create multiple project aliases by running firebase use --add, 
[info] but for now we'll just set up a default project.
[info] 
[debug] [2023-05-31T19:27:27.174Z] Using project from CLI flag: animahub-291ea
[debug] [2023-05-31T19:27:27.176Z] >>> [apiv2][query] GET https://firebase.googleapis.com/v1beta1/projects/animahub-291ea [none]
[debug] [2023-05-31T19:27:27.775Z] <<< [apiv2][status] GET https://firebase.googleapis.com/v1beta1/projects/animahub-291ea 200
[debug] [2023-05-31T19:27:27.775Z] <<< [apiv2][body] GET https://firebase.googleapis.com/v1beta1/projects/animahub-291ea {"projectId":"animahub-291ea","projectNumber":"753128241629","displayName":"animahub","name":"projects/animahub-291ea","resources":{"hostingSite":"animahub-291ea"},"state":"ACTIVE","etag":"1_675d4138-2f3a-46fb-b7a6-492ebd5dd20a"}
[info] i  Using project animahub-291ea (animahub) 
[info] 
=== Hosting Setup
[info] 
[info] Your public directory is the folder (relative to your project directory) that
[info] will contain Hosting assets to be uploaded with firebase deploy. If you
[info] have a build process for your assets, use your build's output directory.
[info] 
[debug] [2023-05-31T19:27:33.534Z] >>> [apiv2][query] GET https://www.gstatic.com/firebasejs/releases.json [none]
[debug] [2023-05-31T19:27:33.603Z] <<< [apiv2][status] GET https://www.gstatic.com/firebasejs/releases.json 200
[debug] [2023-05-31T19:27:33.603Z] <<< [apiv2][body] GET https://www.gstatic.com/firebasejs/releases.json {"current":{"version":"9.22.1","browserURL":"https://www.gstatic.com/firebasejs/9.22.1/firebase.js","packageURL":"https://www.gstatic.com/firebasejs/9.22.1/firebase.tgz"},"live":{"version":"9.22","browserURL":"https://www.gstatic.com/firebasejs/live/9.22/firebase.js","packageURL":"https://www.gstatic.com/firebasejs/live/9.22/firebase.tgz"},"components":{"analytics":"https://www.gstatic.com/firebasejs/9.22.1/firebase-analytics.js","app":"https://www.gstatic.com/firebasejs/9.22.1/firebase-app.js","app-check":"https://www.gstatic.com/firebasejs/9.22.1/firebase-app-check.js","auth":"https://www.gstatic.com/firebasejs/9.22.1/firebase-auth.js","auth/cordova":"https://www.gstatic.com/firebasejs/9.22.1/firebase-auth/cordova.js","auth/react-native":"https://www.gstatic.com/firebasejs/9.22.1/firebase-auth/react-native.js","functions":"https://www.gstatic.com/firebasejs/9.22.1/firebase-functions.js","firestore":"https://www.gstatic.com/firebasejs/9.22.1/firebase-firestore.js","firestore/lite":"https://www.gstatic.com/firebasejs/9.22.1/firebase-firestore/lite.js","installations":"https://www.gstatic.com/firebasejs/9.22.1/firebase-installations.js","storage":"https://www.gstatic.com/firebasejs/9.22.1/firebase-storage.js","performance":"https://www.gstatic.com/firebasejs/9.22.1/firebase-performance.js","remote-config":"https://www.gstatic.com/firebasejs/9.22.1/firebase-remote-config.js","messaging":"https://www.gstatic.com/firebasejs/9.22.1/firebase-messaging.js","messaging/sw":"https://www.gstatic.com/firebasejs/9.22.1/firebase-messaging/sw.js","database":"https://www.gstatic.com/firebasejs/9.22.1/firebase-database.js","firestore.memory":"https://www.gstatic.com/firebasejs/9.22.1/firebase-firestore.memory.js"}}
[info] +  Wrote build/index.html 
[info] 
[info] i  Detected a .git folder at C:\Users\rakha\OneDrive\Documents\GitHub\animahub 
[info] i  Authorizing with GitHub to upload your service account to a GitHub repository's secrets store. 
[info] 
[info] Visit this URL on this device to log in:
[info] https://github.com/login/oauth/authorize?client_id=89cf50f02ac6aaed3484&state=976817484&redirect_uri=http%3A%2F%2Flocalhost%3A9005&scope=read%3Auser%20repo%20public_repo
[info] 
[info] Waiting for authentication...
[debug] [2023-05-31T19:27:36.261Z] >>> [apiv2][query] POST https://github.com/login/oauth/access_token [none]
[debug] [2023-05-31T19:27:36.261Z] >>> [apiv2][body] POST https://github.com/login/oauth/access_token [stream]
[debug] [2023-05-31T19:27:36.788Z] <<< [apiv2][status] POST https://github.com/login/oauth/access_token 200
[debug] [2023-05-31T19:27:36.789Z] <<< [apiv2][body] POST https://github.com/login/oauth/access_token {"access_token":"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","token_type":"bearer","scope":"read:user,repo"}
[debug] [2023-05-31T19:27:36.793Z] >>> [apiv2][query] GET https://api.github.com/user [none]
[debug] [2023-05-31T19:27:37.228Z] <<< [apiv2][status] GET https://api.github.com/user 200
[debug] [2023-05-31T19:27:37.228Z] <<< [apiv2][body] GET https://api.github.com/user {"login":"Rakha28","id":87687612,"node_id":"MDQ6VXNlcjg3Njg3NjEy","avatar_url":"https://avatars.githubusercontent.com/u/87687612?v=4","gravatar_id":"","url":"https://api.github.com/users/Rakha28","html_url":"https://github.com/Rakha28","followers_url":"https://api.github.com/users/Rakha28/followers","following_url":"https://api.github.com/users/Rakha28/following{/other_user}","gists_url":"https://api.github.com/users/Rakha28/gists{/gist_id}","starred_url":"https://api.github.com/users/Rakha28/starred{/owner}{/repo}","subscriptions_url":"https://api.github.com/users/Rakha28/subscriptions","organizations_url":"https://api.github.com/users/Rakha28/orgs","repos_url":"https://api.github.com/users/Rakha28/repos","events_url":"https://api.github.com/users/Rakha28/events{/privacy}","received_events_url":"https://api.github.com/users/Rakha28/received_events","type":"User","site_admin":false,"name":"Gyara","company":null,"blog":"","location":null,"email":null,"hireable":null,"bio":"CE2021","twitter_username":"Gyara28","public_repos":6,"public_gists":0,"followers":0,"following":0,"created_at":"2021-07-20T05:03:47Z","updated_at":"2023-05-31T19:08:49Z","private_gists":0,"total_private_repos":1,"owned_private_repos":1,"disk_usage":2186,"collaborators":0,"two_factor_authentication":false,"plan":{"name":"pro","space":976562499,"collaborators":0,"private_repos":9999}}
[info] 
[info] +  Success! Logged into GitHub as Rakha28 
[info] 
